<?xml version="1.0" encoding="UTF-8"?>
<!-- Generated by org.testng.reporters.JUnitReportReporter -->
<testsuite hostname="Aniket" failures="0" tests="1" name="MobileTesting.DragandDrop" time="4.870" errors="0" timestamp="2023-09-14T13:21:41 IST" skipped="0">
  <testcase classname="MobileTesting.DragandDrop" name="SwipeDemoTest" time="4.870"/>
  <system-out/>
</testsuite> <!-- MobileTesting.DragandDrop -->
