<?xml version="1.0" encoding="UTF-8"?>
<!-- Generated by org.testng.reporters.JUnitReportReporter -->
<testsuite hostname="Aniket" failures="0" tests="1" name="MobileTesting.EcommerceTC5" time="30.113" errors="0" timestamp="2023-09-20T16:35:09 IST" skipped="0">
  <testcase classname="MobileTesting.EcommerceTC5" name="FinalOperation" time="30.113"/>
  <system-out/>
</testsuite> <!-- MobileTesting.EcommerceTC5 -->
