<?xml version="1.0" encoding="UTF-8"?>
<!-- Generated by org.testng.reporters.JUnitReportReporter -->
<testsuite hostname="Aniket" failures="0" tests="1" name="MobileTesting.EcommerceTC4ii" time="26.598" errors="0" timestamp="2023-09-20T16:22:20 IST" skipped="0">
  <testcase classname="MobileTesting.EcommerceTC4ii" name="ProductSelect" time="26.598"/>
  <system-out/>
</testsuite> <!-- MobileTesting.EcommerceTC4ii -->
