<?xml version="1.0" encoding="UTF-8"?>
<!-- Generated by org.testng.reporters.JUnitReportReporter -->
<testsuite hostname="Aniket" failures="0" tests="1" name="MobileTesting.EcommerceTC4i" time="20.645" errors="0" timestamp="2023-09-19T16:51:27 IST" skipped="0">
  <testcase classname="MobileTesting.EcommerceTC4i" name="ProductSelect" time="20.645"/>
  <system-out/>
</testsuite> <!-- MobileTesting.EcommerceTC4i -->
