<?xml version="1.0" encoding="UTF-8"?>
<!-- Generated by org.testng.reporters.JUnitReportReporter -->
<testsuite hostname="Aniket" failures="0" tests="1" name="MobileTesting.EcommerceTC1i" time="14.477" errors="0" timestamp="2023-09-18T20:47:36 IST" skipped="0">
  <testcase classname="MobileTesting.EcommerceTC1i" name="loginPage" time="14.477"/>
  <system-out/>
</testsuite> <!-- MobileTesting.EcommerceTC1i -->
