<?xml version="1.0" encoding="UTF-8"?>
<!-- Generated by org.testng.reporters.JUnitReportReporter -->
<testsuite hostname="Aniket" failures="0" tests="1" name="MobileTesting.EcommerceTC2" time="13.008" errors="0" timestamp="2023-09-16T21:18:18 IST" skipped="0">
  <testcase classname="MobileTesting.EcommerceTC2" name="ToastMessageTC" time="13.008"/>
  <system-out/>
</testsuite> <!-- MobileTesting.EcommerceTC2 -->
