<?xml version="1.0" encoding="UTF-8"?>
<!-- Generated by org.testng.reporters.JUnitReportReporter -->
<testsuite hostname="Aniket" failures="0" tests="1" name="MobileTesting.AppiumBasics" time="7.949" errors="0" timestamp="2023-09-11T21:04:13 IST" skipped="0">
  <testcase classname="MobileTesting.AppiumBasics" name="Appiumtest" time="7.949"/>
  <system-out/>
</testsuite> <!-- MobileTesting.AppiumBasics -->
