<?xml version="1.0" encoding="UTF-8"?>
<!-- Generated by org.testng.reporters.JUnitReportReporter -->
<testsuite hostname="Aniket" failures="0" tests="1" name="MobileTesting.EcommerceTC3i" time="25.744" errors="0" timestamp="2023-09-19T23:01:57 IST" skipped="0">
  <testcase classname="MobileTesting.EcommerceTC3i" name="Productselection" time="25.744"/>
  <system-out/>
</testsuite> <!-- MobileTesting.EcommerceTC3i -->
