<?xml version="1.0" encoding="UTF-8"?>
<!-- Generated by org.testng.reporters.JUnitReportReporter -->
<testsuite hostname="Aniket" failures="0" tests="1" name="MobileTesting.EcommerceTC6i" time="41.263" errors="0" timestamp="2023-09-22T23:42:29 IST" skipped="0">
  <testcase classname="MobileTesting.EcommerceTC6i" name="HybridApp" time="41.263"/>
  <system-out/>
</testsuite> <!-- MobileTesting.EcommerceTC6i -->
