<?xml version="1.0" encoding="UTF-8"?>
<!-- Generated by org.testng.reporters.JUnitReportReporter -->
<testsuite hostname="Aniket" failures="0" tests="1" name="MobileTesting.EcommerceTC1" time="17.551" errors="0" timestamp="2023-09-16T16:35:35 IST" skipped="0">
  <testcase classname="MobileTesting.EcommerceTC1" name="fillform" time="17.551"/>
  <system-out/>
</testsuite> <!-- MobileTesting.EcommerceTC1 -->
