<?xml version="1.0" encoding="UTF-8"?>
<!-- Generated by org.testng.reporters.JUnitReportReporter -->
<testsuite hostname="Aniket" failures="0" tests="1" name="MobileTesting.SwipeDemo" time="7.297" errors="0" timestamp="2023-09-14T12:47:13 IST" skipped="0">
  <testcase classname="MobileTesting.SwipeDemo" name="SwipeDemoTest" time="7.297"/>
  <system-out/>
</testsuite> <!-- MobileTesting.SwipeDemo -->
