<?xml version="1.0" encoding="UTF-8"?>
<!-- Generated by org.testng.reporters.JUnitReportReporter -->
<testsuite hostname="Aniket" failures="0" tests="1" name="MobileTesting.LongPress" time="8.261" errors="0" timestamp="2023-09-12T23:22:16 IST" skipped="0">
  <testcase classname="MobileTesting.LongPress" name="LongPressGesture" time="8.261"/>
  <system-out/>
</testsuite> <!-- MobileTesting.LongPress -->
