<?xml version="1.0" encoding="UTF-8"?>
<!-- Generated by org.testng.reporters.JUnitReportReporter -->
<testsuite hostname="Aniket" failures="0" tests="1" name="MobileTesting.EcommerceTC6" time="56.521" errors="0" timestamp="2023-09-20T23:20:42 IST" skipped="0">
  <testcase classname="MobileTesting.EcommerceTC6" name="FinalOperation" time="56.521"/>
  <system-out/>
</testsuite> <!-- MobileTesting.EcommerceTC6 -->
