<?xml version="1.0" encoding="UTF-8"?>
<!-- Generated by org.testng.reporters.JUnitReportReporter -->
<testsuite hostname="Aniket" failures="0" tests="1" name="MobileTesting.EcommerceTC4" time="16.924" errors="0" timestamp="2023-10-07T12:51:36 IST" skipped="0">
  <testcase classname="MobileTesting.EcommerceTC4" name="ProductSelect" time="16.924"/>
  <system-out/>
</testsuite> <!-- MobileTesting.EcommerceTC4 -->
