<?xml version="1.0" encoding="UTF-8"?>
<!-- Generated by org.testng.reporters.JUnitReportReporter -->
<testsuite hostname="Aniket" failures="0" tests="1" name="MobileTesting.MobileBrowserTest2" time="8.141" errors="0" timestamp="2023-09-23T21:30:02 IST" skipped="0">
  <testcase classname="MobileTesting.MobileBrowserTest2" name="RahulShettyApp" time="8.141"/>
  <system-out/>
</testsuite> <!-- MobileTesting.MobileBrowserTest2 -->
