<?xml version="1.0" encoding="UTF-8"?>
<!-- Generated by org.testng.reporters.JUnitReportReporter -->
<testsuite hostname="Aniket" failures="0" tests="1" name="MobileTesting.MobileBrowserTest" time="9.363" errors="0" timestamp="2023-09-23T20:40:03 IST" skipped="0">
  <testcase classname="MobileTesting.MobileBrowserTest" name="BrowserTest" time="9.363"/>
  <system-out/>
</testsuite> <!-- MobileTesting.MobileBrowserTest -->
