<?xml version="1.0" encoding="UTF-8"?>
<!-- Generated by org.testng.reporters.JUnitReportReporter -->
<testsuite hostname="Aniket" failures="0" tests="1" name="MobileTesting.Miscellanous" time="16.238" errors="0" timestamp="2023-09-15T12:31:53 IST" skipped="0">
  <testcase classname="MobileTesting.Miscellanous" name="MiscellanousDemo" time="16.238"/>
  <system-out/>
</testsuite> <!-- MobileTesting.Miscellanous -->
